2023-09-13 15:08:07,281 INFO 19787 [egg:logger] init all loggers with options: {"dir":"/Users/xujiashuang/Desktop/task-server/logs/task-backend","encoding":"utf8","env":"local","level":"INFO","consoleLevel":"INFO","disableConsoleAfterReady":false,"outputJSON":false,"buffer":true,"appLogName":"task-backend-web.log","coreLogName":"egg-web.log","agentLogName":"egg-agent.log","errorLogName":"common-error.log","coreLogger":{"consoleLevel":"WARN"},"allowDebugAtProd":false,"enablePerformanceTimer":false,"enableFastContextLogger":false,"type":"application","localStorage":{"enabled":false}}
2023-09-13 15:08:07,282 INFO 19787 [egg-multipart] stream mode enable
2023-09-13 15:08:07,313 INFO 19787 [egg-mysql] connecting root@172.16.179.5:3306/bigdata_period
2023-09-13 15:08:07,372 INFO 19787 [egg-static] starting static serve /public/ -> /Users/xujiashuang/Desktop/task-server/app/public
2023-09-13 15:08:07,373 INFO 19787 [egg-security] use methodnoallow middleware
2023-09-13 15:08:07,374 INFO 19787 [egg-security] use noopen middleware
2023-09-13 15:08:07,374 INFO 19787 [egg-security] use nosniff middleware
2023-09-13 15:08:07,374 INFO 19787 [egg-security] use xssProtection middleware
2023-09-13 15:08:07,374 INFO 19787 [egg-security] use xframe middleware
2023-09-13 15:08:07,374 INFO 19787 [egg-security] use dta middleware
2023-09-13 15:08:07,374 INFO 19787 [egg-security] compose 6 middlewares into one security middleware
2023-09-13 15:08:07,379 INFO 19787 [egg:core] dump config after load, 3ms
2023-09-13 15:08:07,389 INFO 19787 [egg-watcher:application] watcher start success
2023-09-13 15:08:07,456 INFO 19787 [egg-mysql] instance[0] status OK, rds currentTime: 2023-09-12T23:08:07.000Z
2023-09-13 15:08:07,459 INFO 19787 egg start timeline:
▇▇▇▇▇▇▇▇▇▇▇▇▇▇▇▇▇▇▇▇▇▇▇▇▇▇▇ [308ms] - #0 Process Start
                           ▇▇▇▇▇▇▇▇▇▇▇▇▇▇▇▇▇▇▇▇▇▇ [254ms] - #1 Application Start
                           ▇ [4ms] - #2 Load Plugin
                            ▇ [8ms] - #3 Load Config
                            ▇ [0ms] - #4 Require(0) config/config.default.js
                            ▇ [0ms] - #5 Require(1) node_modules/_egg-session@3.3.0@egg-session/config/config.default.js
                            ▇ [0ms] - #6 Require(2) node_modules/_egg-security@3.1.0@egg-security/config/config.default.js
                            ▇ [0ms] - #7 Require(3) node_modules/_egg-jsonp@2.0.0@egg-jsonp/config/config.default.js
                            ▇ [0ms] - #8 Require(4) node_modules/_egg-onerror@2.2.0@egg-onerror/config/config.default.js
                            ▇ [0ms] - #9 Require(5) node_modules/_egg-i18n@2.1.1@egg-i18n/config/config.default.js
                            ▇ [0ms] - #10 Require(6) node_modules/_egg-watcher@3.1.1@egg-watcher/config/config.default.js
                            ▇ [0ms] - #11 Require(7) node_modules/_egg-schedule@4.0.0@egg-schedule/config/config.default.js
                            ▇ [0ms] - #12 Require(8) node_modules/_egg-multipart@3.3.0@egg-multipart/config/config.default.js
                            ▇ [2ms] - #13 Require(9) node_modules/_egg-development@2.7.0@egg-development/config/config.default.js
                            ▇ [0ms] - #14 Require(10) node_modules/_egg-logrotator@3.1.0@egg-logrotator/config/config.default.js
                            ▇ [0ms] - #15 Require(11) node_modules/_egg-static@2.3.1@egg-static/config/config.default.js
                            ▇ [0ms] - #16 Require(12) node_modules/_egg-view@2.1.4@egg-view/config/config.default.js
                            ▇ [0ms] - #17 Require(13) node_modules/_egg-mysql@4.0.0@egg-mysql/config/config.default.js
                            ▇ [0ms] - #18 Require(14) node_modules/_egg-cors@2.2.3@egg-cors/config/config.default.js
                            ▇ [0ms] - #19 Require(15) node_modules/_egg@3.17.4@egg/config/config.default.js
                            ▇ [0ms] - #20 Require(16) config/config.default.js
                            ▇ [0ms] - #21 Require(17) node_modules/_egg-security@3.1.0@egg-security/config/config.local.js
                            ▇ [0ms] - #22 Require(18) node_modules/_egg-watcher@3.1.1@egg-watcher/config/config.local.js
                            ▇ [0ms] - #23 Require(19) node_modules/_egg-view@2.1.4@egg-view/config/config.local.js
                             ▇ [0ms] - #24 Require(20) node_modules/_egg@3.17.4@egg/config/config.local.js
                             ▇ [5ms] - #25 Load extend/application.js
                             ▇ [1ms] - #26 Require(21) node_modules/_egg-session@3.3.0@egg-session/app/extend/application.js
                             ▇ [0ms] - #27 Require(22) node_modules/_egg-security@3.1.0@egg-security/app/extend/application.js
                             ▇ [1ms] - #28 Require(23) node_modules/_egg-jsonp@2.0.0@egg-jsonp/app/extend/application.js
                             ▇ [1ms] - #29 Require(24) node_modules/_egg-schedule@4.0.0@egg-schedule/app/extend/application.js
                             ▇ [1ms] - #30 Require(25) node_modules/_egg-logrotator@3.1.0@egg-logrotator/app/extend/application.js
                             ▇ [0ms] - #31 Require(26) node_modules/_egg-view@2.1.4@egg-view/app/extend/application.js
                             ▇ [2ms] - #32 Load extend/request.js
                             ▇ [0ms] - #33 Require(27) node_modules/_egg@3.17.4@egg/app/extend/request.js
                             ▇ [2ms] - #34 Load extend/response.js
                             ▇ [1ms] - #35 Require(28) node_modules/_egg@3.17.4@egg/app/extend/response.js
                             ▇ [8ms] - #36 Load extend/context.js
                             ▇ [3ms] - #37 Require(29) node_modules/_egg-security@3.1.0@egg-security/app/extend/context.js
                              ▇ [1ms] - #38 Require(30) node_modules/_egg-jsonp@2.0.0@egg-jsonp/app/extend/context.js
                              ▇ [0ms] - #39 Require(31) node_modules/_egg-i18n@2.1.1@egg-i18n/app/extend/context.js
                              ▇ [3ms] - #40 Require(32) node_modules/_egg-multipart@3.3.0@egg-multipart/app/extend/context.js
                              ▇ [0ms] - #41 Require(33) node_modules/_egg-view@2.1.4@egg-view/app/extend/context.js
                              ▇ [0ms] - #42 Require(34) node_modules/_egg@3.17.4@egg/app/extend/context.js
                              ▇ [0ms] - #43 Require(35) app/extend/context.js
                              ▇ [15ms] - #44 Load extend/helper.js
                              ▇ [12ms] - #45 Require(36) node_modules/_egg-security@3.1.0@egg-security/app/extend/helper.js
                               ▇ [1ms] - #46 Require(37) node_modules/_egg@3.17.4@egg/app/extend/helper.js
                               ▇▇ [24ms] - #47 Load app.js
                               ▇ [1ms] - #48 Require(38) node_modules/_egg-session@3.3.0@egg-session/app.js
                               ▇ [1ms] - #49 Require(39) node_modules/_egg-security@3.1.0@egg-security/app.js
                                ▇ [6ms] - #50 Require(40) node_modules/_egg-onerror@2.2.0@egg-onerror/app.js
                                ▇ [3ms] - #51 Require(41) node_modules/_egg-i18n@2.1.1@egg-i18n/app.js
                                ▇ [1ms] - #52 Require(42) node_modules/_egg-watcher@3.1.1@egg-watcher/app.js
                                ▇ [1ms] - #53 Require(43) node_modules/_egg-schedule@4.0.0@egg-schedule/app.js
                                 ▇ [0ms] - #54 Require(44) node_modules/_egg-multipart@3.3.0@egg-multipart/app.js
                                 ▇ [0ms] - #55 Require(45) node_modules/_egg-development@2.7.0@egg-development/app.js
                                 ▇ [1ms] - #56 Require(46) node_modules/_egg-logrotator@3.1.0@egg-logrotator/app.js
                                 ▇ [0ms] - #57 Require(47) node_modules/_egg-static@2.3.1@egg-static/app.js
                                 ▇ [8ms] - #58 Require(48) node_modules/_egg-mysql@4.0.0@egg-mysql/app.js
                                 ▇ [0ms] - #59 Require(49) node_modules/_egg-cors@2.2.3@egg-cors/app.js
                                  ▇▇▇▇▇▇▇▇▇ [104ms] - #60 Before Start in node_modules/_egg-watcher@3.1.1@egg-watcher/lib/init.js:15:14
                                       ▇▇▇▇▇▇▇▇▇▇ [118ms] - #61 Before Start in node_modules/_egg-mysql@4.0.0@egg-mysql/lib/mysql.js:9:9
                                       ▇ [2ms] - #62 Load Service
                                       ▇ [2ms] - #63 Load "service" to Context
                                       ▇▇▇ [34ms] - #64 Load Middleware
                                       ▇▇ [31ms] - #65 Load "middlewares" to Application
                                          ▇ [1ms] - #66 Load Controller
                                          ▇ [1ms] - #67 Load "controller" to Application
                                          ▇ [0ms] - #68 Load Router
                                          ▇ [0ms] - #69 Require(50) app/router.js
                                          ▇ [5ms] - #70 Before Start in node_modules/_egg-core@5.3.1@egg-core/lib/egg.js:304:10
2023-09-13 15:08:07,459 INFO 19787 [egg:core] dump config after ready, 2ms
2023-09-13 15:32:00,137 INFO 20917 [egg:logger] init all loggers with options: {"dir":"/Users/xujiashuang/Desktop/task-server/logs/task-backend","encoding":"utf8","env":"local","level":"INFO","consoleLevel":"INFO","disableConsoleAfterReady":false,"outputJSON":false,"buffer":true,"appLogName":"task-backend-web.log","coreLogName":"egg-web.log","agentLogName":"egg-agent.log","errorLogName":"common-error.log","coreLogger":{"consoleLevel":"WARN"},"allowDebugAtProd":false,"enablePerformanceTimer":false,"enableFastContextLogger":false,"type":"application","localStorage":{"enabled":false}}
2023-09-13 15:32:00,137 INFO 20917 [egg-multipart] stream mode enable
2023-09-13 15:32:00,151 INFO 20917 [egg-mysql] connecting root@172.16.179.5:3306/bigdata_period
2023-09-13 15:32:00,208 INFO 20917 [egg-static] starting static serve /public/ -> /Users/xujiashuang/Desktop/task-server/app/public
2023-09-13 15:32:00,209 INFO 20917 [egg-security] use methodnoallow middleware
2023-09-13 15:32:00,209 INFO 20917 [egg-security] use noopen middleware
2023-09-13 15:32:00,209 INFO 20917 [egg-security] use nosniff middleware
2023-09-13 15:32:00,210 INFO 20917 [egg-security] use xssProtection middleware
2023-09-13 15:32:00,210 INFO 20917 [egg-security] use xframe middleware
2023-09-13 15:32:00,210 INFO 20917 [egg-security] use dta middleware
2023-09-13 15:32:00,210 INFO 20917 [egg-security] compose 6 middlewares into one security middleware
2023-09-13 15:32:00,215 INFO 20917 [egg:core] dump config after load, 3ms
2023-09-13 15:32:00,224 INFO 20917 [egg-watcher:application] watcher start success
2023-09-13 15:32:00,307 INFO 20917 [egg-mysql] instance[0] status OK, rds currentTime: 2023-09-12T23:32:00.000Z
2023-09-13 15:32:00,311 INFO 20917 egg start timeline:
▇▇▇▇▇▇▇▇▇▇▇▇▇▇▇▇▇▇▇▇▇▇▇▇▇▇▇▇ [285ms] - #0 Process Start
                            ▇▇▇▇▇▇▇▇▇▇▇▇▇▇▇▇▇▇▇▇▇ [217ms] - #1 Application Start
                            ▇ [3ms] - #2 Load Plugin
                            ▇ [6ms] - #3 Load Config
                            ▇ [1ms] - #4 Require(0) config/config.default.js
                             ▇ [0ms] - #5 Require(1) node_modules/_egg-session@3.3.0@egg-session/config/config.default.js
                             ▇ [0ms] - #6 Require(2) node_modules/_egg-security@3.1.0@egg-security/config/config.default.js
                             ▇ [0ms] - #7 Require(3) node_modules/_egg-jsonp@2.0.0@egg-jsonp/config/config.default.js
                             ▇ [0ms] - #8 Require(4) node_modules/_egg-onerror@2.2.0@egg-onerror/config/config.default.js
                             ▇ [0ms] - #9 Require(5) node_modules/_egg-i18n@2.1.1@egg-i18n/config/config.default.js
                             ▇ [0ms] - #10 Require(6) node_modules/_egg-watcher@3.1.1@egg-watcher/config/config.default.js
                             ▇ [0ms] - #11 Require(7) node_modules/_egg-schedule@4.0.0@egg-schedule/config/config.default.js
                             ▇ [0ms] - #12 Require(8) node_modules/_egg-multipart@3.3.0@egg-multipart/config/config.default.js
                             ▇ [1ms] - #13 Require(9) node_modules/_egg-development@2.7.0@egg-development/config/config.default.js
                             ▇ [0ms] - #14 Require(10) node_modules/_egg-logrotator@3.1.0@egg-logrotator/config/config.default.js
                             ▇ [0ms] - #15 Require(11) node_modules/_egg-static@2.3.1@egg-static/config/config.default.js
                             ▇ [0ms] - #16 Require(12) node_modules/_egg-view@2.1.4@egg-view/config/config.default.js
                             ▇ [0ms] - #17 Require(13) node_modules/_egg-mysql@4.0.0@egg-mysql/config/config.default.js
                             ▇ [1ms] - #18 Require(14) node_modules/_egg-cors@2.2.3@egg-cors/config/config.default.js
                             ▇ [0ms] - #19 Require(15) node_modules/_egg@3.17.4@egg/config/config.default.js
                             ▇ [0ms] - #20 Require(16) config/config.default.js
                             ▇ [0ms] - #21 Require(17) node_modules/_egg-security@3.1.0@egg-security/config/config.local.js
                             ▇ [0ms] - #22 Require(18) node_modules/_egg-watcher@3.1.1@egg-watcher/config/config.local.js
                             ▇ [0ms] - #23 Require(19) node_modules/_egg-view@2.1.4@egg-view/config/config.local.js
                             ▇ [0ms] - #24 Require(20) node_modules/_egg@3.17.4@egg/config/config.local.js
                             ▇ [4ms] - #25 Load extend/application.js
                             ▇ [0ms] - #26 Require(21) node_modules/_egg-session@3.3.0@egg-session/app/extend/application.js
                             ▇ [0ms] - #27 Require(22) node_modules/_egg-security@3.1.0@egg-security/app/extend/application.js
                             ▇ [1ms] - #28 Require(23) node_modules/_egg-jsonp@2.0.0@egg-jsonp/app/extend/application.js
                             ▇ [1ms] - #29 Require(24) node_modules/_egg-schedule@4.0.0@egg-schedule/app/extend/application.js
                             ▇ [0ms] - #30 Require(25) node_modules/_egg-logrotator@3.1.0@egg-logrotator/app/extend/application.js
                             ▇ [1ms] - #31 Require(26) node_modules/_egg-view@2.1.4@egg-view/app/extend/application.js
                             ▇ [2ms] - #32 Load extend/request.js
                              ▇ [0ms] - #33 Require(27) node_modules/_egg@3.17.4@egg/app/extend/request.js
                              ▇ [1ms] - #34 Load extend/response.js
                              ▇ [1ms] - #35 Require(28) node_modules/_egg@3.17.4@egg/app/extend/response.js
                              ▇ [6ms] - #36 Load extend/context.js
                              ▇ [2ms] - #37 Require(29) node_modules/_egg-security@3.1.0@egg-security/app/extend/context.js
                              ▇ [1ms] - #38 Require(30) node_modules/_egg-jsonp@2.0.0@egg-jsonp/app/extend/context.js
                              ▇ [0ms] - #39 Require(31) node_modules/_egg-i18n@2.1.1@egg-i18n/app/extend/context.js
                              ▇ [2ms] - #40 Require(32) node_modules/_egg-multipart@3.3.0@egg-multipart/app/extend/context.js
                              ▇ [1ms] - #41 Require(33) node_modules/_egg-view@2.1.4@egg-view/app/extend/context.js
                              ▇ [0ms] - #42 Require(34) node_modules/_egg@3.17.4@egg/app/extend/context.js
                              ▇ [0ms] - #43 Require(35) app/extend/context.js
                              ▇ [6ms] - #44 Load extend/helper.js
                              ▇ [5ms] - #45 Require(36) node_modules/_egg-security@3.1.0@egg-security/app/extend/helper.js
                               ▇ [0ms] - #46 Require(37) node_modules/_egg@3.17.4@egg/app/extend/helper.js
                               ▇ [12ms] - #47 Load app.js
                               ▇ [1ms] - #48 Require(38) node_modules/_egg-session@3.3.0@egg-session/app.js
                               ▇ [0ms] - #49 Require(39) node_modules/_egg-security@3.1.0@egg-security/app.js
                               ▇ [4ms] - #50 Require(40) node_modules/_egg-onerror@2.2.0@egg-onerror/app.js
                                ▇ [2ms] - #51 Require(41) node_modules/_egg-i18n@2.1.1@egg-i18n/app.js
                                ▇ [1ms] - #52 Require(42) node_modules/_egg-watcher@3.1.1@egg-watcher/app.js
                                ▇ [0ms] - #53 Require(43) node_modules/_egg-schedule@4.0.0@egg-schedule/app.js
                                ▇ [1ms] - #54 Require(44) node_modules/_egg-multipart@3.3.0@egg-multipart/app.js
                                ▇ [0ms] - #55 Require(45) node_modules/_egg-development@2.7.0@egg-development/app.js
                                ▇ [0ms] - #56 Require(46) node_modules/_egg-logrotator@3.1.0@egg-logrotator/app.js
                                ▇ [0ms] - #57 Require(47) node_modules/_egg-static@2.3.1@egg-static/app.js
                                ▇ [2ms] - #58 Require(48) node_modules/_egg-mysql@4.0.0@egg-mysql/app.js
                                ▇ [0ms] - #59 Require(49) node_modules/_egg-cors@2.2.3@egg-cors/app.js
                                 ▇▇▇▇▇▇▇▇ [85ms] - #60 Before Start in node_modules/_egg-watcher@3.1.1@egg-watcher/lib/init.js:15:14
                                    ▇▇▇▇▇▇▇▇▇▇▇▇▇ [133ms] - #61 Before Start in node_modules/_egg-mysql@4.0.0@egg-mysql/lib/mysql.js:9:9
                                    ▇ [3ms] - #62 Load Service
                                    ▇ [3ms] - #63 Load "service" to Context
                                    ▇▇▇ [32ms] - #64 Load Middleware
                                    ▇▇ [29ms] - #65 Load "middlewares" to Application
                                        ▇ [1ms] - #66 Load Controller
                                        ▇ [1ms] - #67 Load "controller" to Application
                                        ▇ [1ms] - #68 Load Router
                                        ▇ [0ms] - #69 Require(50) app/router.js
                                        ▇ [5ms] - #70 Before Start in node_modules/_egg-core@5.3.1@egg-core/lib/egg.js:304:10
2023-09-13 15:32:00,311 INFO 20917 [egg:core] dump config after ready, 2ms
2023-09-13 15:33:36,259 INFO 21010 [egg:logger] init all loggers with options: {"dir":"/Users/xujiashuang/Desktop/task-server/logs/task-backend","encoding":"utf8","env":"local","level":"INFO","consoleLevel":"INFO","disableConsoleAfterReady":false,"outputJSON":false,"buffer":true,"appLogName":"task-backend-web.log","coreLogName":"egg-web.log","agentLogName":"egg-agent.log","errorLogName":"common-error.log","coreLogger":{"consoleLevel":"WARN"},"allowDebugAtProd":false,"enablePerformanceTimer":false,"enableFastContextLogger":false,"type":"application","localStorage":{"enabled":false}}
2023-09-13 15:33:36,259 INFO 21010 [egg-multipart] stream mode enable
2023-09-13 15:33:36,273 INFO 21010 [egg-mysql] connecting root@localhost:3306/bigdata_period
2023-09-13 15:33:36,332 INFO 21010 [egg-static] starting static serve /public/ -> /Users/xujiashuang/Desktop/task-server/app/public
2023-09-13 15:33:36,333 INFO 21010 [egg-security] use methodnoallow middleware
2023-09-13 15:33:36,333 INFO 21010 [egg-security] use noopen middleware
2023-09-13 15:33:36,333 INFO 21010 [egg-security] use nosniff middleware
2023-09-13 15:33:36,333 INFO 21010 [egg-security] use xssProtection middleware
2023-09-13 15:33:36,333 INFO 21010 [egg-security] use xframe middleware
2023-09-13 15:33:36,334 INFO 21010 [egg-security] use dta middleware
2023-09-13 15:33:36,334 INFO 21010 [egg-security] compose 6 middlewares into one security middleware
2023-09-13 15:33:36,337 INFO 21010 [egg:core] dump config after load, 2ms
2023-09-13 15:33:36,346 INFO 21010 [egg-watcher:application] watcher start success
2023-09-13 15:33:36,417 INFO 21010 [egg-mysql] instance[0] status OK, rds currentTime: 2023-09-13T07:33:36.000Z
2023-09-13 15:33:36,420 INFO 21010 egg start timeline:
▇▇▇▇▇▇▇▇▇▇▇▇▇▇▇▇▇▇▇▇▇▇▇▇▇▇▇▇ [278ms] - #0 Process Start
                            ▇▇▇▇▇▇▇▇▇▇▇▇▇▇▇▇▇▇▇▇▇ [205ms] - #1 Application Start
                             ▇ [3ms] - #2 Load Plugin
                             ▇ [6ms] - #3 Load Config
                             ▇ [0ms] - #4 Require(0) config/config.default.js
                             ▇ [0ms] - #5 Require(1) node_modules/_egg-session@3.3.0@egg-session/config/config.default.js
                             ▇ [0ms] - #6 Require(2) node_modules/_egg-security@3.1.0@egg-security/config/config.default.js
                             ▇ [0ms] - #7 Require(3) node_modules/_egg-jsonp@2.0.0@egg-jsonp/config/config.default.js
                             ▇ [0ms] - #8 Require(4) node_modules/_egg-onerror@2.2.0@egg-onerror/config/config.default.js
                             ▇ [0ms] - #9 Require(5) node_modules/_egg-i18n@2.1.1@egg-i18n/config/config.default.js
                             ▇ [0ms] - #10 Require(6) node_modules/_egg-watcher@3.1.1@egg-watcher/config/config.default.js
                             ▇ [0ms] - #11 Require(7) node_modules/_egg-schedule@4.0.0@egg-schedule/config/config.default.js
                             ▇ [1ms] - #12 Require(8) node_modules/_egg-multipart@3.3.0@egg-multipart/config/config.default.js
                             ▇ [1ms] - #13 Require(9) node_modules/_egg-development@2.7.0@egg-development/config/config.default.js
                             ▇ [0ms] - #14 Require(10) node_modules/_egg-logrotator@3.1.0@egg-logrotator/config/config.default.js
                             ▇ [0ms] - #15 Require(11) node_modules/_egg-static@2.3.1@egg-static/config/config.default.js
                             ▇ [0ms] - #16 Require(12) node_modules/_egg-view@2.1.4@egg-view/config/config.default.js
                             ▇ [0ms] - #17 Require(13) node_modules/_egg-mysql@4.0.0@egg-mysql/config/config.default.js
                             ▇ [0ms] - #18 Require(14) node_modules/_egg-cors@2.2.3@egg-cors/config/config.default.js
                             ▇ [0ms] - #19 Require(15) node_modules/_egg@3.17.4@egg/config/config.default.js
                             ▇ [0ms] - #20 Require(16) config/config.default.js
                             ▇ [0ms] - #21 Require(17) node_modules/_egg-security@3.1.0@egg-security/config/config.local.js
                             ▇ [0ms] - #22 Require(18) node_modules/_egg-watcher@3.1.1@egg-watcher/config/config.local.js
                             ▇ [0ms] - #23 Require(19) node_modules/_egg-view@2.1.4@egg-view/config/config.local.js
                             ▇ [0ms] - #24 Require(20) node_modules/_egg@3.17.4@egg/config/config.local.js
                              ▇ [4ms] - #25 Load extend/application.js
                              ▇ [1ms] - #26 Require(21) node_modules/_egg-session@3.3.0@egg-session/app/extend/application.js
                              ▇ [0ms] - #27 Require(22) node_modules/_egg-security@3.1.0@egg-security/app/extend/application.js
                              ▇ [0ms] - #28 Require(23) node_modules/_egg-jsonp@2.0.0@egg-jsonp/app/extend/application.js
                              ▇ [0ms] - #29 Require(24) node_modules/_egg-schedule@4.0.0@egg-schedule/app/extend/application.js
                              ▇ [0ms] - #30 Require(25) node_modules/_egg-logrotator@3.1.0@egg-logrotator/app/extend/application.js
                              ▇ [1ms] - #31 Require(26) node_modules/_egg-view@2.1.4@egg-view/app/extend/application.js
                              ▇ [2ms] - #32 Load extend/request.js
                              ▇ [0ms] - #33 Require(27) node_modules/_egg@3.17.4@egg/app/extend/request.js
                              ▇ [1ms] - #34 Load extend/response.js
                              ▇ [1ms] - #35 Require(28) node_modules/_egg@3.17.4@egg/app/extend/response.js
                              ▇ [6ms] - #36 Load extend/context.js
                              ▇ [2ms] - #37 Require(29) node_modules/_egg-security@3.1.0@egg-security/app/extend/context.js
                              ▇ [1ms] - #38 Require(30) node_modules/_egg-jsonp@2.0.0@egg-jsonp/app/extend/context.js
                               ▇ [0ms] - #39 Require(31) node_modules/_egg-i18n@2.1.1@egg-i18n/app/extend/context.js
                               ▇ [2ms] - #40 Require(32) node_modules/_egg-multipart@3.3.0@egg-multipart/app/extend/context.js
                               ▇ [0ms] - #41 Require(33) node_modules/_egg-view@2.1.4@egg-view/app/extend/context.js
                               ▇ [1ms] - #42 Require(34) node_modules/_egg@3.17.4@egg/app/extend/context.js
                               ▇ [0ms] - #43 Require(35) app/extend/context.js
                               ▇ [7ms] - #44 Load extend/helper.js
                               ▇ [6ms] - #45 Require(36) node_modules/_egg-security@3.1.0@egg-security/app/extend/helper.js
                               ▇ [1ms] - #46 Require(37) node_modules/_egg@3.17.4@egg/app/extend/helper.js
                                ▇ [11ms] - #47 Load app.js
                                ▇ [0ms] - #48 Require(38) node_modules/_egg-session@3.3.0@egg-session/app.js
                                ▇ [0ms] - #49 Require(39) node_modules/_egg-security@3.1.0@egg-security/app.js
                                ▇ [3ms] - #50 Require(40) node_modules/_egg-onerror@2.2.0@egg-onerror/app.js
                                ▇ [2ms] - #51 Require(41) node_modules/_egg-i18n@2.1.1@egg-i18n/app.js
                                ▇ [0ms] - #52 Require(42) node_modules/_egg-watcher@3.1.1@egg-watcher/app.js
                                ▇ [0ms] - #53 Require(43) node_modules/_egg-schedule@4.0.0@egg-schedule/app.js
                                ▇ [0ms] - #54 Require(44) node_modules/_egg-multipart@3.3.0@egg-multipart/app.js
                                ▇ [1ms] - #55 Require(45) node_modules/_egg-development@2.7.0@egg-development/app.js
                                 ▇ [0ms] - #56 Require(46) node_modules/_egg-logrotator@3.1.0@egg-logrotator/app.js
                                 ▇ [0ms] - #57 Require(47) node_modules/_egg-static@2.3.1@egg-static/app.js
                                 ▇ [2ms] - #58 Require(48) node_modules/_egg-mysql@4.0.0@egg-mysql/app.js
                                 ▇ [0ms] - #59 Require(49) node_modules/_egg-cors@2.2.3@egg-cors/app.js
                                 ▇▇▇▇▇▇▇▇ [85ms] - #60 Before Start in node_modules/_egg-watcher@3.1.1@egg-watcher/lib/init.js:15:14
                                     ▇▇▇▇▇▇▇▇▇▇▇▇ [121ms] - #61 Before Start in node_modules/_egg-mysql@4.0.0@egg-mysql/lib/mysql.js:9:9
                                     ▇ [2ms] - #62 Load Service
                                     ▇ [2ms] - #63 Load "service" to Context
                                     ▇▇▇ [35ms] - #64 Load Middleware
                                     ▇▇▇ [32ms] - #65 Load "middlewares" to Application
                                         ▇ [1ms] - #66 Load Controller
                                         ▇ [1ms] - #67 Load "controller" to Application
                                         ▇ [0ms] - #68 Load Router
                                         ▇ [0ms] - #69 Require(50) app/router.js
                                         ▇ [5ms] - #70 Before Start in node_modules/_egg-core@5.3.1@egg-core/lib/egg.js:304:10
2023-09-13 15:33:36,420 INFO 21010 [egg:core] dump config after ready, 2ms
